<?xml version="1.0" encoding="UTF-8"?>
<!-- Generated by org.testng.reporters.JUnitXMLReporter -->
<testsuite ignored="0" hostname="LAPTOP-E8AE22MJ" failures="0" tests="4" name="Default test" time="53.442" errors="0" timestamp="2023-06-26T10:09:18 IST">
  <testcase classname="createOrganizationClass.CreateOrganizationClass" name="organizationcreating" time="11.77"/>
  <testcase classname="createOrganizationClass.CreateOrganizationClass" name="organizationcreating" time="10.76"/>
  <testcase classname="createOrganizationClass.CreateOrganizationClass" name="organizationcreating" time="10.549"/>
  <testcase classname="createOrganizationClass.CreateOrganizationClass" name="organizationcreating" time="10.028"/>
</testsuite> <!-- Default test -->
