<?xml version="1.0" encoding="UTF-8"?>
<testng-results ignored="0" total="4" passed="4" failed="0" skipped="0">
  <reporter-output>
  </reporter-output>
  <suite started-at="2023-06-26T10:08:25 IST" name="Default suite" finished-at="2023-06-26T10:09:18 IST" duration-ms="53442">
    <groups>
    </groups>
    <test started-at="2023-06-26T10:08:25 IST" name="Default test" finished-at="2023-06-26T10:09:18 IST" duration-ms="53442">
      <class name="createOrganizationClass.CreateOrganizationClass">
        <test-method is-config="true" signature="LaunchingBrowser()[pri:0, instance:createOrganizationClass.CreateOrganizationClass@41a0aa7d]" started-at="2023-06-26T10:08:25 IST" name="LaunchingBrowser" finished-at="2023-06-26T10:08:30 IST" duration-ms="5023" status="PASS">
          <reporter-output>
          </reporter-output>
        </test-method> <!-- LaunchingBrowser -->
        <test-method is-config="true" signature="navigateToApplication()[pri:0, instance:createOrganizationClass.CreateOrganizationClass@41a0aa7d]" started-at="2023-06-26T10:08:31 IST" name="navigateToApplication" finished-at="2023-06-26T10:08:31 IST" duration-ms="4" status="PASS">
          <reporter-output>
          </reporter-output>
        </test-method> <!-- navigateToApplication -->
        <test-method signature="organizationcreating(java.lang.String)[pri:0, instance:createOrganizationClass.CreateOrganizationClass@41a0aa7d]" started-at="2023-06-26T10:08:31 IST" name="organizationcreating" data-provider="testdata" finished-at="2023-06-26T10:08:43 IST" duration-ms="11770" status="PASS">
          <params>
            <param index="0">
              <value>
                <![CDATA[Infosys]]>
              </value>
            </param>
          </params>
          <reporter-output>
          </reporter-output>
        </test-method> <!-- organizationcreating -->
        <test-method is-config="true" signature="navigateToApplication()[pri:0, instance:createOrganizationClass.CreateOrganizationClass@41a0aa7d]" started-at="2023-06-26T10:08:43 IST" name="navigateToApplication" finished-at="2023-06-26T10:08:43 IST" duration-ms="2" status="PASS">
          <reporter-output>
          </reporter-output>
        </test-method> <!-- navigateToApplication -->
        <test-method signature="organizationcreating(java.lang.String)[pri:0, instance:createOrganizationClass.CreateOrganizationClass@41a0aa7d]" started-at="2023-06-26T10:08:43 IST" name="organizationcreating" data-provider="testdata" finished-at="2023-06-26T10:08:53 IST" duration-ms="10760" status="PASS">
          <params>
            <param index="0">
              <value>
                <![CDATA[ty]]>
              </value>
            </param>
          </params>
          <reporter-output>
          </reporter-output>
        </test-method> <!-- organizationcreating -->
        <test-method signature="organizationcreating(java.lang.String)[pri:0, instance:createOrganizationClass.CreateOrganizationClass@41a0aa7d]" started-at="2023-06-26T10:08:53 IST" name="organizationcreating" data-provider="testdata" finished-at="2023-06-26T10:09:04 IST" duration-ms="10549" status="PASS">
          <params>
            <param index="0">
              <value>
                <![CDATA[IBM]]>
              </value>
            </param>
          </params>
          <reporter-output>
          </reporter-output>
        </test-method> <!-- organizationcreating -->
        <test-method is-config="true" signature="navigateToApplication()[pri:0, instance:createOrganizationClass.CreateOrganizationClass@41a0aa7d]" started-at="2023-06-26T10:08:53 IST" name="navigateToApplication" finished-at="2023-06-26T10:08:53 IST" duration-ms="0" status="PASS">
          <reporter-output>
          </reporter-output>
        </test-method> <!-- navigateToApplication -->
        <test-method is-config="true" signature="navigateToApplication()[pri:0, instance:createOrganizationClass.CreateOrganizationClass@41a0aa7d]" started-at="2023-06-26T10:09:04 IST" name="navigateToApplication" finished-at="2023-06-26T10:09:04 IST" duration-ms="8" status="PASS">
          <reporter-output>
          </reporter-output>
        </test-method> <!-- navigateToApplication -->
        <test-method signature="organizationcreating(java.lang.String)[pri:0, instance:createOrganizationClass.CreateOrganizationClass@41a0aa7d]" started-at="2023-06-26T10:09:04 IST" name="organizationcreating" data-provider="testdata" finished-at="2023-06-26T10:09:14 IST" duration-ms="10028" status="PASS">
          <params>
            <param index="0">
              <value>
                <![CDATA[qsp]]>
              </value>
            </param>
          </params>
          <reporter-output>
          </reporter-output>
        </test-method> <!-- organizationcreating -->
        <test-method is-config="true" signature="teardownThheBrowser()[pri:0, instance:createOrganizationClass.CreateOrganizationClass@41a0aa7d]" started-at="2023-06-26T10:09:14 IST" name="teardownThheBrowser" finished-at="2023-06-26T10:09:18 IST" duration-ms="4579" status="PASS">
          <reporter-output>
          </reporter-output>
        </test-method> <!-- teardownThheBrowser -->
      </class> <!-- createOrganizationClass.CreateOrganizationClass -->
    </test> <!-- Default test -->
  </suite> <!-- Default suite -->
</testng-results>
