<?xml version="1.0" encoding="UTF-8"?>
<testng-results ignored="0" total="1" passed="1" failed="0" skipped="0">
  <reporter-output>
  </reporter-output>
  <suite started-at="2023-06-24T11:49:28 IST" name="Default suite" finished-at="2023-06-24T11:49:48 IST" duration-ms="19698">
    <groups>
    </groups>
    <test started-at="2023-06-24T11:49:28 IST" name="Default test" finished-at="2023-06-24T11:49:48 IST" duration-ms="19698">
      <class name="createOrganizationClass.CreateEventTC">
        <test-method is-config="true" signature="LaunchingBrowser()[pri:0, instance:createOrganizationClass.CreateEventTC@41a0aa7d]" started-at="2023-06-24T11:49:28 IST" name="LaunchingBrowser" finished-at="2023-06-24T11:49:31 IST" duration-ms="2557" status="PASS">
          <reporter-output>
          </reporter-output>
        </test-method> <!-- LaunchingBrowser -->
        <test-method is-config="true" signature="navigateToApplication()[pri:0, instance:createOrganizationClass.CreateEventTC@41a0aa7d]" started-at="2023-06-24T11:49:31 IST" name="navigateToApplication" finished-at="2023-06-24T11:49:35 IST" duration-ms="3818" status="PASS">
          <reporter-output>
          </reporter-output>
        </test-method> <!-- navigateToApplication -->
        <test-method signature="ceateEvenetTestcase()[pri:0, instance:createOrganizationClass.CreateEventTC@41a0aa7d]" started-at="2023-06-24T11:49:35 IST" name="ceateEvenetTestcase" finished-at="2023-06-24T11:49:43 IST" duration-ms="8680" status="PASS">
          <reporter-output>
          </reporter-output>
        </test-method> <!-- ceateEvenetTestcase -->
        <test-method is-config="true" signature="teardownThheBrowser()[pri:0, instance:createOrganizationClass.CreateEventTC@41a0aa7d]" started-at="2023-06-24T11:49:43 IST" name="teardownThheBrowser" finished-at="2023-06-24T11:49:48 IST" duration-ms="4610" status="PASS">
          <reporter-output>
          </reporter-output>
        </test-method> <!-- teardownThheBrowser -->
      </class> <!-- createOrganizationClass.CreateEventTC -->
    </test> <!-- Default test -->
  </suite> <!-- Default suite -->
</testng-results>
